<?xml version="1.0" encoding="UTF-8"?>
<testng-results ignored="0" total="1" passed="1" failed="0" skipped="0">
  <reporter-output>
  </reporter-output>
  <suite started-at="2025-09-23T22:58:25 GMT+06:00" name="Default suite" finished-at="2025-09-23T22:58:47 GMT+06:00" duration-ms="21823">
    <groups>
    </groups>
    <test started-at="2025-09-23T22:58:25 GMT+06:00" name="Default test" finished-at="2025-09-23T22:58:47 GMT+06:00" duration-ms="21823">
      <class name="saifulsahim.Test.StandAloneTest">
        <test-method is-config="true" signature="launchApplication()[pri:0, instance:saifulsahim.Test.StandAloneTest@41a2befb]" started-at="2025-09-23T22:58:25 GMT+06:00" name="launchApplication" finished-at="2025-09-23T22:58:43 GMT+06:00" duration-ms="17133" status="PASS">
          <reporter-output>
          </reporter-output>
        </test-method> <!-- launchApplication -->
        <test-method signature="submitOrder()[pri:0, instance:saifulsahim.Test.StandAloneTest@41a2befb]" started-at="2025-09-23T22:58:43 GMT+06:00" name="submitOrder" finished-at="2025-09-23T22:58:47 GMT+06:00" duration-ms="4458" status="PASS">
          <reporter-output>
          </reporter-output>
        </test-method> <!-- submitOrder -->
        <test-method is-config="true" signature="tearDown()[pri:0, instance:saifulsahim.Test.StandAloneTest@41a2befb]" started-at="2025-09-23T22:58:47 GMT+06:00" name="tearDown" finished-at="2025-09-23T22:58:47 GMT+06:00" duration-ms="158" status="PASS">
          <reporter-output>
          </reporter-output>
        </test-method> <!-- tearDown -->
      </class> <!-- saifulsahim.Test.StandAloneTest -->
    </test> <!-- Default test -->
  </suite> <!-- Default suite -->
</testng-results>
