<?xml version="1.0" encoding="UTF-8"?>
<testng-results ignored="0" total="1" passed="1" failed="0" skipped="0">
  <reporter-output>
  </reporter-output>
  <suite started-at="2025-09-23T22:40:01 GMT+06:00" name="Default suite" finished-at="2025-09-23T22:40:14 GMT+06:00" duration-ms="13137">
    <groups>
    </groups>
    <test started-at="2025-09-23T22:40:01 GMT+06:00" name="Default test" finished-at="2025-09-23T22:40:14 GMT+06:00" duration-ms="13137">
      <class name="saifulsahim.Test.StandAloneTest">
        <test-method signature="submitOrder()[pri:0, instance:saifulsahim.Test.StandAloneTest@6ad82709]" started-at="2025-09-23T22:40:01 GMT+06:00" name="submitOrder" finished-at="2025-09-23T22:40:14 GMT+06:00" duration-ms="13049" status="PASS">
          <reporter-output>
          </reporter-output>
        </test-method> <!-- submitOrder -->
      </class> <!-- saifulsahim.Test.StandAloneTest -->
    </test> <!-- Default test -->
  </suite> <!-- Default suite -->
</testng-results>
